Arguments: 
  /usr/bin/node /usr/share/yarn/bin/yarn.js install

PATH: 
  /usr/local/bundle/bin:/usr/local/bundle/gems/bin:/usr/local/sbin:/usr/local/bin:/usr/sbin:/usr/bin:/sbin:/bin

Yarn version: 
  1.15.2

Node version: 
  8.16.0

Platform: 
  linux x64

Trace: 
  SyntaxError: Invalid value type 1:17 in /app/.yarnrc
      at Parser.unexpected (/usr/share/yarn/lib/cli.js:63184:11)
      at Parser.parse (/usr/share/yarn/lib/cli.js:63312:16)
      at parse (/usr/share/yarn/lib/cli.js:63386:17)
      at module.exports.exports.default (/usr/share/yarn/lib/cli.js:62955:96)
      at YarnRegistry.<anonymous> (/usr/share/yarn/lib/cli.js:95459:64)
      at Generator.next (<anonymous>)
      at step (/usr/share/yarn/lib/cli.js:304:30)
      at /usr/share/yarn/lib/cli.js:315:13
      at <anonymous>

npm manifest: 
  {
    "name": "app",
    "private": true,
    "scripts": {
      "jest": "jest"
    },
    "dependencies": {
      "@rails/webpacker": "3.5",
      "babel-jest": "^23.6.0",
      "babel-preset-react": "^6.24.1",
      "fstream": "1.0.12",
      "prop-types": "^15.6.2",
      "react": "^16.4.2",
      "react-dom": "^16.4.2",
      "react-select": "^2.0.0",
      "react-virtualized": "9.21.0",
      "react_ujs": "^2.4.4",
      "webpack": "^3.0.0"
    },
    "devDependencies": {
      "jest": "^23.6.0",
      "react-testing-library": "^6.0.3",
      "webpack-dev-server": ">=3.1.11"
    },
    "jest": {
      "setupFiles": [
        "<rootDir>/spec/javascript/i18n-mock.js"
      ],
      "roots": [
        "spec/javascript"
      ],
      "collectCoverage": true,
      "coverageDirectory": "spec/javascript/coverage",
      "collectCoverageFrom": [
        "**/*.{js,jsx}",
        "!**/node_modules/**",
        "!**/spec/javascript/coverage/**"
      ],
      "moduleDirectories": [
        "node_modules"
      ]
    }
  }

yarn manifest: 
  No manifest

Lockfile: 
  No lockfile
